# Synplicity Constraint Checker, version map500act, Build 058R, built Jan 18 2010
# Copyright (C) 1994-2010, Synopsys Inc.  All Rights Reserved

# Written on Sun Nov 14 16:14:04 2010


##### DESIGN INFO #######################################################

Top View:                "main"
Constraint File(s):      (none)


##### SUMMARY ############################################################

Found 0 issues in 0 out of 0 constraints


##### DETAILS ############################################################



Clock Relationships
*******************

Starting                                    Ending                                            |     rise to rise     |     fall to fall     |     rise to fall     |     fall to rise                     
---------------------------------------------------------------------------------------------------------------------------------------------------------------------------------------------------------
main|pld_ctr[2]                             main|u0.u0.osc96m_inferred_clock                  |     Diff grp         |     No paths         |     No paths         |     No paths                         
function_search|read_clk_inferred_clock     main|u0.u0.mcu_osc_inferred_clock                 |     Diff grp         |     No paths         |     No paths         |     No paths                         
main|pld_ctr[4]                             program_table_loader|write_clk_inferred_clock     |     Diff grp         |     No paths         |     No paths         |     No paths                         
main|pld_ctr[4]                             main|pld_ctr[4]                                   |     10.417           |     No paths         |     No paths         |     No paths                         
main|pld_ctr[4]                             jtag_controller|u2.wclk_inferred_clock            |     Diff grp         |     No paths         |     No paths         |     No paths                         
jtag_controller|u2.wclk_inferred_clock      main|pld_ctr[4]                                   |     Diff grp         |     No paths         |     No paths         |     No paths                         
jtag_controller|u2.wclk_inferred_clock      jtag_controller|u2.wclk_inferred_clock            |     10.417           |     No paths         |     No paths         |     No paths                         
main|u0.u0.osc96m_inferred_clock            main|pld_ctr[4]                                   |     Diff grp         |     No paths         |     No paths         |     No paths                         
main|u0.u0.osc96m_inferred_clock            jtag_controller|u2.wclk_inferred_clock            |     Diff grp         |     No paths         |     No paths         |     No paths                         
main|u0.u0.osc96m_inferred_clock            main|u0.u0.osc96m_inferred_clock                  |     10.417           |     No paths         |     No paths         |     No paths                         
main|u0.u0.osc96m_inferred_clock            main|u0.u0.mcu_osc_inferred_clock                 |     Diff grp         |     No paths         |     No paths         |     No paths                         
main|u0.u0.mcu_osc_inferred_clock           function_search|read_clk_inferred_clock           |     Diff grp         |     No paths         |     No paths         |     No paths                         
main|u0.u0.mcu_osc_inferred_clock           jtag_controller|u2.wclk_inferred_clock            |     Diff grp         |     No paths         |     No paths         |     No paths                         
main|u0.u0.mcu_osc_inferred_clock           main|u0.u0.mcu_osc_inferred_clock                 |     10.417           |     No paths         |     No paths         |     No paths                         
=========================================================================================================================================================================================================
 Note: 'No paths' indicates there are no paths in the design for that pair of clock edges.
       'Diff grp' indicates that paths exist but the starting clock and ending clock are in different clock groups.


Unconstrained Start/End Points
******************************

p:mote_tck
p:mote_tdi
p:mote_tdo
p:mote_tms
p:osc32k
p:osc48m
p:pld_ctr[0]
p:pld_ctr[1]
p:pld_ctr[3]
p:pld_data[0] (bidir end point)
p:pld_data[0] (bidir start point)
p:pld_data[1] (bidir end point)
p:pld_data[1] (bidir start point)
p:pld_data[2] (bidir end point)
p:pld_data[2] (bidir start point)
p:pld_data[3] (bidir end point)
p:pld_data[3] (bidir start point)
p:pld_data[4] (bidir end point)
p:pld_data[4] (bidir start point)
p:pld_data[5] (bidir end point)
p:pld_data[5] (bidir start point)
p:pld_data[6] (bidir end point)
p:pld_data[6] (bidir start point)
p:pld_data[7] (bidir end point)
p:pld_data[7] (bidir start point)
p:pld_data[8] (bidir end point)
p:pld_data[8] (bidir start point)
p:pld_data[9] (bidir end point)
p:pld_data[9] (bidir start point)
p:pld_data[10] (bidir end point)
p:pld_data[10] (bidir start point)
p:pld_data[11] (bidir end point)
p:pld_data[11] (bidir start point)
p:pld_data[12] (bidir end point)
p:pld_data[12] (bidir start point)
p:pld_data[13] (bidir end point)
p:pld_data[13] (bidir start point)
p:pld_data[14] (bidir end point)
p:pld_data[14] (bidir start point)
p:pld_data[15] (bidir end point)
p:pld_data[15] (bidir start point)
p:usb_connect
p:usb_osc


Inapplicable constraints
************************

(none)


Applicable constraints with issues
**********************************

(none)


Constraints with matching wildcard expressions
**********************************************

(none)


Library Report
**************

Library: IGLOO

	Cells:

		AND3B
			dont_touch: TRUE

		AND3C
			dont_touch: TRUE

		AO12
			dont_touch: TRUE

		AO13
			dont_touch: TRUE

		AO14
			dont_touch: TRUE

		AO15
			dont_touch: TRUE

		AO16
			dont_touch: TRUE

		AO17
			dont_touch: TRUE

		AO18
			dont_touch: TRUE

		BIBUF_F_2
			dont_use: TRUE
			dont_touch: TRUE

		BIBUF_F_2D
			dont_use: TRUE
			dont_touch: TRUE

		BIBUF_F_2U
			dont_use: TRUE
			dont_touch: TRUE

		BIBUF_F_4
			dont_use: TRUE
			dont_touch: TRUE

		BIBUF_F_4D
			dont_use: TRUE
			dont_touch: TRUE

		BIBUF_F_4U
			dont_use: TRUE
			dont_touch: TRUE

		BIBUF_F_6
			dont_use: TRUE
			dont_touch: TRUE

		BIBUF_F_6D
			dont_use: TRUE
			dont_touch: TRUE

		BIBUF_F_6U
			dont_use: TRUE
			dont_touch: TRUE

		BIBUF_F_8
			dont_use: TRUE
			dont_touch: TRUE

		BIBUF_F_8D
			dont_use: TRUE
			dont_touch: TRUE

		BIBUF_F_8U
			dont_use: TRUE
			dont_touch: TRUE

		BIBUF_F_12
			dont_use: TRUE
			dont_touch: TRUE

		BIBUF_F_12D
			dont_use: TRUE
			dont_touch: TRUE

		BIBUF_F_12U
			dont_use: TRUE
			dont_touch: TRUE

		BIBUF_F_16
			dont_use: TRUE
			dont_touch: TRUE

		BIBUF_F_16D
			dont_use: TRUE
			dont_touch: TRUE

		BIBUF_F_16U
			dont_use: TRUE
			dont_touch: TRUE

		BIBUF_LVCMOS15
			dont_use: TRUE
			dont_touch: TRUE

		BIBUF_LVCMOS15D
			dont_use: TRUE
			dont_touch: TRUE

		BIBUF_LVCMOS15U
			dont_use: TRUE
			dont_touch: TRUE

		BIBUF_LVCMOS18
			dont_use: TRUE
			dont_touch: TRUE

		BIBUF_LVCMOS18D
			dont_use: TRUE
			dont_touch: TRUE

		BIBUF_LVCMOS18U
			dont_use: TRUE
			dont_touch: TRUE

		BIBUF_LVCMOS25
			dont_use: TRUE
			dont_touch: TRUE

		BIBUF_LVCMOS25D
			dont_use: TRUE
			dont_touch: TRUE

		BIBUF_LVCMOS25U
			dont_use: TRUE
			dont_touch: TRUE

		BIBUF_LVCMOS33
			dont_use: TRUE
			dont_touch: TRUE

		BIBUF_LVCMOS33D
			dont_use: TRUE
			dont_touch: TRUE

		BIBUF_LVCMOS33U
			dont_use: TRUE
			dont_touch: TRUE

		BIBUF_LVCMOS5
			dont_use: TRUE
			dont_touch: TRUE

		BIBUF_LVCMOS5D
			dont_use: TRUE
			dont_touch: TRUE

		BIBUF_LVCMOS5U
			dont_use: TRUE
			dont_touch: TRUE

		BIBUF_PCI
			dont_use: TRUE
			dont_touch: TRUE

		BIBUF_PCIX
			dont_use: TRUE
			dont_touch: TRUE

		BIBUF_S_2
			dont_use: TRUE
			dont_touch: TRUE

		BIBUF_S_2D
			dont_use: TRUE
			dont_touch: TRUE

		BIBUF_S_2U
			dont_use: TRUE
			dont_touch: TRUE

		BIBUF_S_4
			dont_use: TRUE
			dont_touch: TRUE

		BIBUF_S_4D
			dont_use: TRUE
			dont_touch: TRUE

		BIBUF_S_4U
			dont_use: TRUE
			dont_touch: TRUE

		BIBUF_S_6
			dont_use: TRUE
			dont_touch: TRUE

		BIBUF_S_6D
			dont_use: TRUE
			dont_touch: TRUE

		BIBUF_S_6U
			dont_use: TRUE
			dont_touch: TRUE

		BIBUF_S_8
			dont_use: TRUE
			dont_touch: TRUE

		BIBUF_S_8D
			dont_use: TRUE
			dont_touch: TRUE

		BIBUF_S_8U
			dont_use: TRUE
			dont_touch: TRUE

		BIBUF_S_12
			dont_use: TRUE
			dont_touch: TRUE

		BIBUF_S_12D
			dont_use: TRUE
			dont_touch: TRUE

		BIBUF_S_12U
			dont_use: TRUE
			dont_touch: TRUE

		BIBUF_S_16
			dont_use: TRUE
			dont_touch: TRUE

		BIBUF_S_16D
			dont_use: TRUE
			dont_touch: TRUE

		BIBUF_S_16U
			dont_use: TRUE
			dont_touch: TRUE

		BIBUF_LVDS
			dont_use: TRUE
			dont_touch: TRUE

		TRIBUFF_LVDS
			dont_use: TRUE
			dont_touch: TRUE

		BUFD
			dont_use: TRUE
			dont_touch: TRUE

		CLKBIBUF
			dont_use: TRUE
			dont_touch: TRUE

		CLKBUF_LVCMOS15
			dont_use: TRUE
			dont_touch: TRUE

		CLKBUF_LVCMOS18
			dont_use: TRUE
			dont_touch: TRUE

		CLKBUF_LVCMOS25
			dont_use: TRUE
			dont_touch: TRUE

		CLKBUF_LVCMOS33
			dont_use: TRUE
			dont_touch: TRUE

		CLKBUF_LVCMOS5
			dont_use: TRUE
			dont_touch: TRUE

		CLKBUF_PCI
			dont_use: TRUE
			dont_touch: TRUE

		CLKBUF_PCIX
			dont_use: TRUE
			dont_touch: TRUE

		CLKINT
			dont_use: TRUE
			dont_touch: TRUE

		CLKIO
			dont_use: TRUE
			dont_touch: TRUE

		INBUF_FF
			dont_touch: TRUE

		INBUF_LVCMOS15
			dont_use: TRUE
			dont_touch: TRUE

		INBUF_LVCMOS15D
			dont_use: TRUE
			dont_touch: TRUE

		INBUF_LVCMOS15U
			dont_use: TRUE
			dont_touch: TRUE

		INBUF_LVCMOS18
			dont_use: TRUE
			dont_touch: TRUE

		INBUF_LVCMOS18D
			dont_use: TRUE
			dont_touch: TRUE

		INBUF_LVCMOS18U
			dont_use: TRUE
			dont_touch: TRUE

		INBUF_LVCMOS25
			dont_use: TRUE
			dont_touch: TRUE

		INBUF_LVCMOS25D
			dont_use: TRUE
			dont_touch: TRUE

		INBUF_LVCMOS25U
			dont_use: TRUE
			dont_touch: TRUE

		INBUF_LVCMOS33
			dont_use: TRUE
			dont_touch: TRUE

		INBUF_LVCMOS33D
			dont_use: TRUE
			dont_touch: TRUE

		INBUF_LVCMOS33U
			dont_use: TRUE
			dont_touch: TRUE

		INBUF_LVCMOS5
			dont_use: TRUE
			dont_touch: TRUE

		INBUF_LVCMOS5D
			dont_use: TRUE
			dont_touch: TRUE

		INBUF_LVCMOS5U
			dont_use: TRUE
			dont_touch: TRUE

		INBUF_PCI
			dont_use: TRUE
			dont_touch: TRUE

		INBUF_PCIX
			dont_use: TRUE
			dont_touch: TRUE

		INVD
			dont_use: TRUE

		IOBI_IB_OB_EB
			dont_use: TRUE
			dont_touch: TRUE

		IOBI_IB_OB_ER
			dont_use: TRUE
			dont_touch: TRUE

		IOBI_IB_OB_ERC
			dont_use: TRUE
			dont_touch: TRUE

		IOBI_IB_OB_ERE
			dont_use: TRUE
			dont_touch: TRUE

		IOBI_IB_OB_EREC
			dont_use: TRUE
			dont_touch: TRUE

		IOBI_IB_OB_EREP
			dont_use: TRUE
			dont_touch: TRUE

		IOBI_IB_OB_ERP
			dont_use: TRUE
			dont_touch: TRUE

		IOBI_IB_OR_EB
			dont_use: TRUE
			dont_touch: TRUE

		IOBI_IB_OR_ER
			dont_use: TRUE
			dont_touch: TRUE

		IOBI_IB_ORC_EB
			dont_use: TRUE
			dont_touch: TRUE

		IOBI_IB_ORC_ERC
			dont_use: TRUE
			dont_touch: TRUE

		IOBI_IB_ORE_EB
			dont_use: TRUE
			dont_touch: TRUE

		IOBI_IB_ORE_ERE
			dont_use: TRUE
			dont_touch: TRUE

		IOBI_IB_OREC_EB
			dont_use: TRUE
			dont_touch: TRUE

		IOBI_IB_OREC_EREC
			dont_use: TRUE
			dont_touch: TRUE

		IOBI_IB_OREP_EB
			dont_use: TRUE
			dont_touch: TRUE

		IOBI_IB_OREP_EREP
			dont_use: TRUE
			dont_touch: TRUE

		IOBI_IB_ORP_EB
			dont_use: TRUE
			dont_touch: TRUE

		IOBI_IB_ORP_ERP
			dont_use: TRUE
			dont_touch: TRUE

		IOBI_IR_OB_EB
			dont_use: TRUE
			dont_touch: TRUE

		IOBI_IR_OB_ER
			dont_use: TRUE
			dont_touch: TRUE

		IOBI_IR_OB_ERE
			dont_use: TRUE
			dont_touch: TRUE

		IOBI_IR_OR_EB
			dont_use: TRUE
			dont_touch: TRUE

		IOBI_IR_OR_ER
			dont_use: TRUE
			dont_touch: TRUE

		IOBI_IR_ORE_EB
			dont_use: TRUE
			dont_touch: TRUE

		IOBI_IR_ORE_ERE
			dont_use: TRUE
			dont_touch: TRUE

		IOBI_IRC_OB_EB
			dont_use: TRUE
			dont_touch: TRUE

		IOBI_IRC_OB_ERC
			dont_use: TRUE
			dont_touch: TRUE

		IOBI_IRC_OB_EREC
			dont_use: TRUE
			dont_touch: TRUE

		IOBI_IRC_ORC_EB
			dont_use: TRUE
			dont_touch: TRUE

		IOBI_IRC_ORC_ERC
			dont_use: TRUE
			dont_touch: TRUE

		IOBI_IRC_OREC_EB
			dont_use: TRUE
			dont_touch: TRUE

		IOBI_IRC_OREC_EREC
			dont_use: TRUE
			dont_touch: TRUE

		IOBI_IRE_OB_EB
			dont_use: TRUE
			dont_touch: TRUE

		IOBI_IRE_OB_ER
			dont_use: TRUE
			dont_touch: TRUE

		IOBI_IRE_OB_ERE
			dont_use: TRUE
			dont_touch: TRUE

		IOBI_IRE_OR_EB
			dont_use: TRUE
			dont_touch: TRUE

		IOBI_IRE_OR_ER
			dont_use: TRUE
			dont_touch: TRUE

		IOBI_IRE_ORE_EB
			dont_use: TRUE
			dont_touch: TRUE

		IOBI_IRE_ORE_ERE
			dont_use: TRUE
			dont_touch: TRUE

		IOBI_IREC_OB_EB
			dont_use: TRUE
			dont_touch: TRUE

		IOBI_IREC_OB_ERC
			dont_use: TRUE
			dont_touch: TRUE

		IOBI_IREC_OB_EREC
			dont_use: TRUE
			dont_touch: TRUE

		IOBI_IREC_ORC_EB
			dont_use: TRUE
			dont_touch: TRUE

		IOBI_IREC_ORC_ERC
			dont_use: TRUE
			dont_touch: TRUE

		IOBI_IREC_OREC_EB
			dont_use: TRUE
			dont_touch: TRUE

		IOBI_IREC_OREC_EREC
			dont_use: TRUE
			dont_touch: TRUE

		IOBI_IREP_OB_EB
			dont_use: TRUE
			dont_touch: TRUE

		IOBI_IREP_OB_EREP
			dont_use: TRUE
			dont_touch: TRUE

		IOBI_IREP_OB_ERP
			dont_use: TRUE
			dont_touch: TRUE

		IOBI_IREP_OREP_EB
			dont_use: TRUE
			dont_touch: TRUE

		IOBI_IREP_OREP_EREP
			dont_use: TRUE
			dont_touch: TRUE

		IOBI_IREP_ORP_EB
			dont_use: TRUE
			dont_touch: TRUE

		IOBI_IREP_ORP_ERP
			dont_use: TRUE
			dont_touch: TRUE

		IOBI_IRP_OB_EB
			dont_use: TRUE
			dont_touch: TRUE

		IOBI_IRP_OB_EREP
			dont_use: TRUE
			dont_touch: TRUE

		IOBI_IRP_OB_ERP
			dont_use: TRUE
			dont_touch: TRUE

		IOBI_IRP_OREP_EB
			dont_use: TRUE
			dont_touch: TRUE

		IOBI_IRP_OREP_EREP
			dont_use: TRUE
			dont_touch: TRUE

		IOBI_IRP_ORP_EB
			dont_use: TRUE
			dont_touch: TRUE

		IOBI_IRP_ORP_ERP
			dont_use: TRUE
			dont_touch: TRUE

		IOIN_IB
			dont_use: TRUE
			dont_touch: TRUE

		IOIN_IR
			dont_use: TRUE
			dont_touch: TRUE

		IOIN_IRC
			dont_use: TRUE
			dont_touch: TRUE

		IOIN_IRE
			dont_use: TRUE
			dont_touch: TRUE

		IOIN_IREC
			dont_use: TRUE
			dont_touch: TRUE

		IOIN_IREP
			dont_use: TRUE
			dont_touch: TRUE

		IOIN_IRP
			dont_use: TRUE
			dont_touch: TRUE

		IOPAD_BI
			dont_use: TRUE
			dont_touch: TRUE

		IOPAD_BI_D
			dont_use: TRUE
			dont_touch: TRUE

		IOPAD_BI_U
			dont_use: TRUE
			dont_touch: TRUE

		IOPAD_IN
			dont_use: TRUE
			dont_touch: TRUE

		IOPAD_IN_D
			dont_use: TRUE
			dont_touch: TRUE

		IOPAD_IN_U
			dont_use: TRUE
			dont_touch: TRUE

		IOPAD_TRI
			dont_use: TRUE
			dont_touch: TRUE

		IOPAD_TRI_D
			dont_use: TRUE
			dont_touch: TRUE

		IOPAD_TRI_U
			dont_use: TRUE
			dont_touch: TRUE

		IOPADP_BI
			dont_use: TRUE
			dont_touch: TRUE

		IOPADN_BI
			dont_use: TRUE
			dont_touch: TRUE

		IOPADN_IN
			dont_use: TRUE
			dont_touch: TRUE

		IOPADN_OUT
			dont_use: TRUE
			dont_touch: TRUE

		IOPADN_TRI
			dont_use: TRUE
			dont_touch: TRUE

		IOPADP_TRI
			dont_use: TRUE
			dont_touch: TRUE

		IOTRI_OB_EB
			dont_use: TRUE
			dont_touch: TRUE

		IOTRI_OB_ER
			dont_use: TRUE
			dont_touch: TRUE

		IOTRI_OB_ERC
			dont_use: TRUE
			dont_touch: TRUE

		IOTRI_OB_ERE
			dont_use: TRUE
			dont_touch: TRUE

		IOTRI_OB_EREC
			dont_use: TRUE
			dont_touch: TRUE

		IOTRI_OB_EREP
			dont_use: TRUE
			dont_touch: TRUE

		IOTRI_OB_ERP
			dont_use: TRUE
			dont_touch: TRUE

		IOTRI_OR_EB
			dont_use: TRUE
			dont_touch: TRUE

		IOTRI_OR_ER
			dont_use: TRUE
			dont_touch: TRUE

		IOTRI_ORC_EB
			dont_use: TRUE
			dont_touch: TRUE

		IOTRI_ORC_ERC
			dont_use: TRUE
			dont_touch: TRUE

		IOTRI_ORE_EB
			dont_use: TRUE
			dont_touch: TRUE

		IOTRI_ORE_ERE
			dont_use: TRUE
			dont_touch: TRUE

		IOTRI_OREC_EB
			dont_use: TRUE
			dont_touch: TRUE

		IOTRI_OREC_EREC
			dont_use: TRUE
			dont_touch: TRUE

		IOTRI_OREP_EB
			dont_use: TRUE
			dont_touch: TRUE

		IOTRI_OREP_EREP
			dont_use: TRUE
			dont_touch: TRUE

		IOTRI_ORP_EB
			dont_use: TRUE
			dont_touch: TRUE

		IOTRI_ORP_ERP
			dont_use: TRUE
			dont_touch: TRUE

		OUTBUF_F_2
			dont_use: TRUE
			dont_touch: TRUE

		OUTBUF_F_4
			dont_use: TRUE
			dont_touch: TRUE

		OUTBUF_F_6
			dont_use: TRUE
			dont_touch: TRUE

		OUTBUF_F_8
			dont_use: TRUE
			dont_touch: TRUE

		OUTBUF_F_12
			dont_use: TRUE
			dont_touch: TRUE

		OUTBUF_F_16
			dont_use: TRUE
			dont_touch: TRUE

		OUTBUF_LVCMOS15
			dont_use: TRUE
			dont_touch: TRUE

		OUTBUF_LVCMOS18
			dont_use: TRUE
			dont_touch: TRUE

		OUTBUF_LVCMOS25
			dont_use: TRUE
			dont_touch: TRUE

		OUTBUF_LVCMOS33
			dont_use: TRUE
			dont_touch: TRUE

		OUTBUF_LVCMOS5
			dont_use: TRUE
			dont_touch: TRUE

		OUTBUF_PCI
			dont_use: TRUE
			dont_touch: TRUE

		OUTBUF_PCIX
			dont_use: TRUE
			dont_touch: TRUE

		OUTBUF_S_2
			dont_use: TRUE
			dont_touch: TRUE

		OUTBUF_S_4
			dont_use: TRUE
			dont_touch: TRUE

		OUTBUF_S_6
			dont_use: TRUE
			dont_touch: TRUE

		OUTBUF_S_8
			dont_use: TRUE
			dont_touch: TRUE

		OUTBUF_S_12
			dont_use: TRUE
			dont_touch: TRUE

		OUTBUF_S_16
			dont_use: TRUE
			dont_touch: TRUE

		TRIBUFF_F_2
			dont_use: TRUE
			dont_touch: TRUE

		TRIBUFF_F_2D
			dont_use: TRUE
			dont_touch: TRUE

		TRIBUFF_F_2U
			dont_use: TRUE
			dont_touch: TRUE

		TRIBUFF_F_4
			dont_use: TRUE
			dont_touch: TRUE

		TRIBUFF_F_4D
			dont_use: TRUE
			dont_touch: TRUE

		TRIBUFF_F_4U
			dont_use: TRUE
			dont_touch: TRUE

		TRIBUFF_F_6
			dont_use: TRUE
			dont_touch: TRUE

		TRIBUFF_F_6D
			dont_use: TRUE
			dont_touch: TRUE

		TRIBUFF_F_6U
			dont_use: TRUE
			dont_touch: TRUE

		TRIBUFF_F_8
			dont_use: TRUE
			dont_touch: TRUE

		TRIBUFF_F_8D
			dont_use: TRUE
			dont_touch: TRUE

		TRIBUFF_F_8U
			dont_use: TRUE
			dont_touch: TRUE

		TRIBUFF_F_12
			dont_use: TRUE
			dont_touch: TRUE

		TRIBUFF_F_12D
			dont_use: TRUE
			dont_touch: TRUE

		TRIBUFF_F_12U
			dont_use: TRUE
			dont_touch: TRUE

		TRIBUFF_F_16
			dont_use: TRUE
			dont_touch: TRUE

		TRIBUFF_F_16D
			dont_use: TRUE
			dont_touch: TRUE

		TRIBUFF_F_16U
			dont_use: TRUE
			dont_touch: TRUE

		TRIBUFF_LVCMOS15
			dont_use: TRUE
			dont_touch: TRUE

		TRIBUFF_LVCMOS15D
			dont_use: TRUE
			dont_touch: TRUE

		TRIBUFF_LVCMOS15U
			dont_use: TRUE
			dont_touch: TRUE

		TRIBUFF_LVCMOS18
			dont_use: TRUE
			dont_touch: TRUE

		TRIBUFF_LVCMOS18D
			dont_use: TRUE
			dont_touch: TRUE

		TRIBUFF_LVCMOS18U
			dont_use: TRUE
			dont_touch: TRUE

		TRIBUFF_LVCMOS25
			dont_use: TRUE
			dont_touch: TRUE

		TRIBUFF_LVCMOS25D
			dont_use: TRUE
			dont_touch: TRUE

		TRIBUFF_LVCMOS25U
			dont_use: TRUE
			dont_touch: TRUE

		TRIBUFF_LVCMOS33
			dont_use: TRUE
			dont_touch: TRUE

		TRIBUFF_LVCMOS33D
			dont_use: TRUE
			dont_touch: TRUE

		TRIBUFF_LVCMOS33U
			dont_use: TRUE
			dont_touch: TRUE

		TRIBUFF_LVCMOS5
			dont_use: TRUE
			dont_touch: TRUE

		TRIBUFF_LVCMOS5D
			dont_use: TRUE
			dont_touch: TRUE

		TRIBUFF_LVCMOS5U
			dont_use: TRUE
			dont_touch: TRUE

		TRIBUFF_PCI
			dont_use: TRUE
			dont_touch: TRUE

		TRIBUFF_PCIX
			dont_use: TRUE
			dont_touch: TRUE

		TRIBUFF_S_2
			dont_use: TRUE
			dont_touch: TRUE

		TRIBUFF_S_2D
			dont_use: TRUE
			dont_touch: TRUE

		TRIBUFF_S_2U
			dont_use: TRUE
			dont_touch: TRUE

		TRIBUFF_S_4
			dont_use: TRUE
			dont_touch: TRUE

		TRIBUFF_S_4D
			dont_use: TRUE
			dont_touch: TRUE

		TRIBUFF_S_4U
			dont_use: TRUE
			dont_touch: TRUE

		TRIBUFF_S_6
			dont_use: TRUE
			dont_touch: TRUE

		TRIBUFF_S_6D
			dont_use: TRUE
			dont_touch: TRUE

		TRIBUFF_S_6U
			dont_use: TRUE
			dont_touch: TRUE

		TRIBUFF_S_8
			dont_use: TRUE
			dont_touch: TRUE

		TRIBUFF_S_8D
			dont_use: TRUE
			dont_touch: TRUE

		TRIBUFF_S_8U
			dont_use: TRUE
			dont_touch: TRUE

		TRIBUFF_S_12
			dont_use: TRUE
			dont_touch: TRUE

		TRIBUFF_S_12D
			dont_use: TRUE
			dont_touch: TRUE

		TRIBUFF_S_12U
			dont_use: TRUE
			dont_touch: TRUE

		TRIBUFF_S_16
			dont_use: TRUE
			dont_touch: TRUE

		TRIBUFF_S_16D
			dont_use: TRUE
			dont_touch: TRUE

		TRIBUFF_S_16U
			dont_use: TRUE
			dont_touch: TRUE

		CLKDLY
			dont_use: TRUE
			dont_touch: TRUE

		CLKDLYIO
			dont_use: TRUE
			dont_touch: TRUE

		CLKDLYINT
			dont_use: TRUE
			dont_touch: TRUE

		DDR_OUT
			dont_use: TRUE
			dont_touch: TRUE

		DDR_REG
			dont_use: TRUE
			dont_touch: TRUE

		PLL
			dont_use: TRUE
			dont_touch: TRUE

		DYNCCC
			dont_use: TRUE
			dont_touch: TRUE

		FIFO4K18
			dont_use: TRUE
			dont_touch: TRUE

		PLLINT
			dont_use: TRUE
			dont_touch: TRUE

		RAM4K9
			dont_use: TRUE
			dont_touch: TRUE

		RAM512X18
			dont_use: TRUE
			dont_touch: TRUE

		UFROM
			dont_use: TRUE
			dont_touch: TRUE

		UFROMH
			dont_use: TRUE
			dont_touch: TRUE

		UFROMHS
			dont_use: TRUE
			dont_touch: TRUE

		ULSICC
			dont_use: TRUE
			dont_touch: TRUE

		ULSICC_INT
			dont_use: TRUE
			dont_touch: TRUE

		ULSICC_AUTH
			dont_use: TRUE
			dont_touch: TRUE

		UJTAG
			dont_use: TRUE
			dont_touch: TRUE

		IOBI_ID_OB_EB
			dont_use: TRUE
			dont_touch: TRUE

		IOBI_IB_OD_EB
			dont_use: TRUE
			dont_touch: TRUE

		IOBI_ID_OD_EB
			dont_use: TRUE
			dont_touch: TRUE

		IOBI_ID_OD_ERC
			dont_use: TRUE
			dont_touch: TRUE

		IOIN_ID
			dont_use: TRUE
			dont_touch: TRUE

		IOTRI_OD_EB
			dont_use: TRUE
			dont_touch: TRUE

		IOTRI_OD_ERC
			dont_use: TRUE
			dont_touch: TRUE

		INBUF_LVDS
			dont_use: TRUE
			dont_touch: TRUE

		INBUF_LVPECL
			dont_use: TRUE
			dont_touch: TRUE

		OUTBUF_LVDS
			dont_use: TRUE
			dont_touch: TRUE

		OUTBUF_LVPECL
			dont_use: TRUE
			dont_touch: TRUE

		IOPADP_IN
			dont_use: TRUE
			dont_touch: TRUE

		CLKBUF_LVDS
			dont_use: TRUE
			dont_touch: TRUE

		CLKBUF_LVPECL
			dont_use: TRUE
			dont_touch: TRUE

		BIBUF_F_24
			dont_use: TRUE
			dont_touch: TRUE

		BIBUF_F_24D
			dont_use: TRUE
			dont_touch: TRUE

		BIBUF_F_24U
			dont_use: TRUE
			dont_touch: TRUE

		BIBUF_S_24
			dont_use: TRUE
			dont_touch: TRUE

		BIBUF_S_24D
			dont_use: TRUE
			dont_touch: TRUE

		BIBUF_S_24U
			dont_use: TRUE
			dont_touch: TRUE

		OUTBUF_F_24
			dont_use: TRUE
			dont_touch: TRUE

		OUTBUF_S_24
			dont_use: TRUE
			dont_touch: TRUE

		TRIBUFF_F_24
			dont_use: TRUE
			dont_touch: TRUE

		TRIBUFF_F_24D
			dont_use: TRUE
			dont_touch: TRUE

		TRIBUFF_F_24U
			dont_use: TRUE
			dont_touch: TRUE

		TRIBUFF_S_24
			dont_use: TRUE
			dont_touch: TRUE

		TRIBUFF_S_24D
			dont_use: TRUE
			dont_touch: TRUE

		TRIBUFF_S_24U
			dont_use: TRUE
			dont_touch: TRUE

		BIBUF_LVCMOS12
			dont_use: TRUE
			dont_touch: TRUE

		BIBUF_LVCMOS12D
			dont_use: TRUE
			dont_touch: TRUE

		BIBUF_LVCMOS12U
			dont_use: TRUE
			dont_touch: TRUE

		CLKBUF_LVCMOS12
			dont_use: TRUE
			dont_touch: TRUE

		INBUF_LVCMOS12
			dont_use: TRUE
			dont_touch: TRUE

		INBUF_LVCMOS12D
			dont_use: TRUE
			dont_touch: TRUE

		INBUF_LVCMOS12U
			dont_use: TRUE
			dont_touch: TRUE

		OUTBUF_LVCMOS12
			dont_use: TRUE
			dont_touch: TRUE

		TRIBUFF_LVCMOS12
			dont_use: TRUE
			dont_touch: TRUE

		TRIBUFF_LVCMOS12D
			dont_use: TRUE
			dont_touch: TRUE

		TRIBUFF_LVCMOS12U
			dont_use: TRUE
			dont_touch: TRUE

		SIMBUF
			dont_use: TRUE
			dont_touch: TRUE


# End of Constraint Checker Report
