 ** Message System Log
 ** Database: 
 ** Date:   Tue Oct 26 18:03:33 2010


****************
Macro Parameters
****************

Name                            : program_table_mem
Family                          : IGLOO
Output Format                   : VERILOG
Type                            : RAM
Write Enable                    : Active High
Read Enable                     : Active High
Reset                           : None
LP                              : None
FF                              : None
Read Clock                      : Rising
Write Clock                     : Rising
Write Depth                     : 1024
Write Width                     : 16
Read Depth                      : 1024
Read Width                      : 16
RAM Type                        : Two Port
Clocks                          : Independent Read and Write Clocks
Write Mode A                    : Hold Data
Write Mode B                    : Hold Data
Read Pipeline A                 : No
Read Pipeline B                 : No
Optimized for                   : Speed
Portname DataIn                 : WD
Portname DataOut                : RD
Portname Write En               : WEN
Portname Read En                : REN
Portname WClock                 : WCLK
Portname RClock                 : RCLK
Portname WAddress               : WADDR
Portname RAddress               : RADDR
Portname Reset                  :
Portname Clock                  :
Portname DataAIn                :
Portname DataBIn                :
Portname DataAOut               :
Portname DataBOut               :
Portname AddressA               :
Portname AddressB               :
Portname CLKA                   :
Portname CLKB                   :
Portname RWA                    :
Portname RWB                    :
Portname BLKA                   :
Portname BLKB                   :
Portname LP                     :
Portname FF                     :
Initialize RAM                  : True

Cascade Configuration:
     Write Port configuration   : 1024x4
     Read Port configuration    : 1024x4
     Number of blocks depth wise: 1
     Number of blocks width wise: 4

**************
Compile Report
**************


Netlist Resource Report
=======================

    CORE                       Used:      2  Total:   3072   (0.07%)
    IO (W/ clocks)             Used:      0  Total:     71   (0.00%)
    GLOBAL (Chip+Quadrant)     Used:      0  Total:     18   (0.00%)
    PLL                        Used:      0  Total:      1   (0.00%)
    RAM/FIFO                   Used:      4  Total:      8   (50.00%)
    Low Static ICC             Used:      0  Total:      1   (0.00%)
    FlashROM                   Used:      0  Total:      1   (0.00%)
    User JTAG                  Used:      0  Total:      1   (0.00%)

Wrote Verilog netlist to C:/Documents and Settings/Administrator/My
Documents/actel/TDB/smartgen\program_table_mem\program_table_mem.v.

 ** Log Ended:   Tue Oct 26 18:03:33 2010

