Actel Designer Software
Version: 9.0.0.15
Release: v9.0

Info: The design main.adb was last modified by software version 9.0.0.15.
Opened an existing Libero design main.adb.
'BA_NAME' set to 'main_ba'
'IDE_DESIGNERVIEW_NAME' set to 'Impl1'
'IDE_DESIGNERVIEW_COUNT' set to '1'
'IDE_DESIGNERVIEW_REV0' set to 'Impl1'
'IDE_DESIGNERVIEW_REVNUM0' set to '1'
'IDE_DESIGNERVIEW_ROOTDIR' set to 'C:\Documents and Settings\Administrator\My
Documents\actel\TDB\designer'
'IDE_DESIGNERVIEW_LASTREV' set to '1'
Back-annotated to the file(s):
   .\main_ba.sdf
   .\main_ba.v

The Back-Annotate command succeeded ( 00:00:01 )
Design saved to file C:\Documents and Settings\Administrator\My
Documents\actel\TDB\designer\impl1\main.adb.

The Execute Script command succeeded ( 00:00:02 )
Design closed.

