Timing Violation Report Max Delay Analysis

SmartTime Version v9.0
Actel Corporation - Actel Designer Software Release v9.0 (Version 9.0.0.15)
Copyright (c) 1989-2010
Date: Tue Oct 26 23:51:46 2010


Design: main
Family: IGLOO
Die: AGLN125V5Z
Package: 100 VQFP
Temperature: COM
Voltage: COM
Speed Grade: STD
Design State: Post-Layout
Data source: Advanced
Min Operating Condition: BEST
Max Operating Condition: WORST
Scenario for Timing Analysis: Primary


Path 1
  From:                        u1/u0/next_state[10]:CLK
  To:                          u1/u0/tms:D
  Delay (ns):                  8.525
  Slack (ns):                  1.083
  Arrival (ns):                15.297
  Required (ns):               16.380

Path 2
  From:                        u1/u0/next_state[10]:CLK
  To:                          u1/u0/data_in_reg[9]/U1:D
  Delay (ns):                  8.248
  Slack (ns):                  1.436
  Arrival (ns):                15.020
  Required (ns):               16.456

Path 3
  From:                        u1/u0/next_state[10]:CLK
  To:                          u1/u0/data_out[7]/U1:D
  Delay (ns):                  7.980
  Slack (ns):                  1.758
  Arrival (ns):                14.752
  Required (ns):               16.510

Path 4
  From:                        u1/u0/next_state[8]:CLK
  To:                          u1/u0/tms:D
  Delay (ns):                  7.702
  Slack (ns):                  1.906
  Arrival (ns):                14.474
  Required (ns):               16.380

Path 5
  From:                        u1/u0/bit_count[2]:CLK
  To:                          u1/u0/tms:D
  Delay (ns):                  7.696
  Slack (ns):                  1.912
  Arrival (ns):                14.468
  Required (ns):               16.380

Path 6
  From:                        u1/u0/next_state[10]:CLK
  To:                          u1/u0/data_in_reg[11]/U1:D
  Delay (ns):                  7.687
  Slack (ns):                  1.944
  Arrival (ns):                14.459
  Required (ns):               16.403

Path 7
  From:                        search_result_reg[6]:CLK
  To:                          pc_poll_rx:D
  Delay (ns):                  7.487
  Slack (ns):                  2.228
  Arrival (ns):                14.248
  Required (ns):               16.476

Path 8
  From:                        u1/u0/next_state[8]:CLK
  To:                          u1/u0/data_in_reg[9]/U1:D
  Delay (ns):                  7.425
  Slack (ns):                  2.259
  Arrival (ns):                14.197
  Required (ns):               16.456

Path 9
  From:                        u1/u0/next_state[10]:CLK
  To:                          u1/u0/data_out[0]/U1:D
  Delay (ns):                  7.402
  Slack (ns):                  2.260
  Arrival (ns):                14.174
  Required (ns):               16.434

Path 10
  From:                        u1/u0/next_state[12]:CLK
  To:                          u1/u0/tms:D
  Delay (ns):                  7.266
  Slack (ns):                  2.342
  Arrival (ns):                14.038
  Required (ns):               16.380

Path 11
  From:                        search_result_reg[15]:CLK
  To:                          pc_poll_rx:D
  Delay (ns):                  7.345
  Slack (ns):                  2.348
  Arrival (ns):                14.128
  Required (ns):               16.476

Path 12
  From:                        u1/u0/next_state[4]:CLK
  To:                          u1/u0/tms:D
  Delay (ns):                  7.254
  Slack (ns):                  2.354
  Arrival (ns):                14.026
  Required (ns):               16.380

Path 13
  From:                        u1/u0/bit_count[4]:CLK
  To:                          u1/u0/tms:D
  Delay (ns):                  7.281
  Slack (ns):                  2.378
  Arrival (ns):                14.053
  Required (ns):               16.431

Path 14
  From:                        u1/u0/next_state[10]:CLK
  To:                          u1/u0/data_in_reg[1]/U1:D
  Delay (ns):                  7.166
  Slack (ns):                  2.419
  Arrival (ns):                13.938
  Required (ns):               16.357

Path 15
  From:                        u1/u0/bit_count[3]:CLK
  To:                          u1/u0/tms:D
  Delay (ns):                  7.223
  Slack (ns):                  2.436
  Arrival (ns):                13.995
  Required (ns):               16.431

Path 16
  From:                        u1/u0/bit_count[0]:CLK
  To:                          u1/u0/tms:D
  Delay (ns):                  7.159
  Slack (ns):                  2.449
  Arrival (ns):                13.931
  Required (ns):               16.380

Path 17
  From:                        u1/u0/bit_count[2]:CLK
  To:                          u1/u0/tdi/U1:D
  Delay (ns):                  7.285
  Slack (ns):                  2.455
  Arrival (ns):                14.057
  Required (ns):               16.512

Path 18
  From:                        u1/u0/next_state[10]:CLK
  To:                          u1/u0/data_out[13]/U1:D
  Delay (ns):                  7.173
  Slack (ns):                  2.480
  Arrival (ns):                13.945
  Required (ns):               16.425

Path 19
  From:                        u1/jtag_enable_0:CLK
  To:                          u1/u0/data_in_reg[9]/U1:D
  Delay (ns):                  7.193
  Slack (ns):                  2.509
  Arrival (ns):                13.947
  Required (ns):               16.456

Path 20
  From:                        u1/u0/next_state[10]:CLK
  To:                          u1/u0/data_in_reg[10]/U1:D
  Delay (ns):                  7.050
  Slack (ns):                  2.532
  Arrival (ns):                13.822
  Required (ns):               16.354

Path 21
  From:                        u1/u0/next_state[7]:CLK
  To:                          u1/u0/tms:D
  Delay (ns):                  7.005
  Slack (ns):                  2.549
  Arrival (ns):                13.831
  Required (ns):               16.380

Path 22
  From:                        next_state[0]:CLK
  To:                          search_result_reg[13]:E
  Delay (ns):                  7.070
  Slack (ns):                  2.565
  Arrival (ns):                13.909
  Required (ns):               16.474

Path 23
  From:                        next_state[0]:CLK
  To:                          search_result_reg[2]:E
  Delay (ns):                  7.070
  Slack (ns):                  2.565
  Arrival (ns):                13.909
  Required (ns):               16.474

Path 24
  From:                        next_state[0]:CLK
  To:                          search_result_reg[9]:E
  Delay (ns):                  7.070
  Slack (ns):                  2.565
  Arrival (ns):                13.909
  Required (ns):               16.474

Path 25
  From:                        next_state[0]:CLK
  To:                          search_result_reg[8]:E
  Delay (ns):                  7.070
  Slack (ns):                  2.565
  Arrival (ns):                13.909
  Required (ns):               16.474

Path 26
  From:                        u1/u0/next_state[10]:CLK
  To:                          u1/u0/data_in_reg[15]/U1:D
  Delay (ns):                  7.093
  Slack (ns):                  2.568
  Arrival (ns):                13.865
  Required (ns):               16.433

Path 27
  From:                        u1/u0/next_state[10]:CLK
  To:                          u1/u0/data_out[12]/U1:D
  Delay (ns):                  7.097
  Slack (ns):                  2.578
  Arrival (ns):                13.869
  Required (ns):               16.447

Path 28
  From:                        u1/u0/next_state[8]:CLK
  To:                          u1/u0/data_out[7]/U1:D
  Delay (ns):                  7.157
  Slack (ns):                  2.581
  Arrival (ns):                13.929
  Required (ns):               16.510

Path 29
  From:                        u1/u0/next_state[10]:CLK
  To:                          u1/u0/data_in_reg[8]/U1:D
  Delay (ns):                  7.026
  Slack (ns):                  2.589
  Arrival (ns):                13.798
  Required (ns):               16.387

Path 30
  From:                        u1/u0/next_state[10]:CLK
  To:                          u1/u0/data_out[15]/U1:D
  Delay (ns):                  7.054
  Slack (ns):                  2.599
  Arrival (ns):                13.826
  Required (ns):               16.425

Path 31
  From:                        u1/u0/next_state[10]:CLK
  To:                          u1/u0/data_out[2]/U1:D
  Delay (ns):                  7.086
  Slack (ns):                  2.603
  Arrival (ns):                13.858
  Required (ns):               16.461

Path 32
  From:                        u1/u0/next_state[10]:CLK
  To:                          u1/u0/data_out[9]/U1:D
  Delay (ns):                  7.072
  Slack (ns):                  2.615
  Arrival (ns):                13.844
  Required (ns):               16.459

Path 33
  From:                        u1/u0/next_state[10]:CLK
  To:                          u1/u0/data_out[4]/U1:D
  Delay (ns):                  7.015
  Slack (ns):                  2.647
  Arrival (ns):                13.787
  Required (ns):               16.434

Path 34
  From:                        u1/u0/next_state[10]:CLK
  To:                          u1/u0/bit_count[3]:E
  Delay (ns):                  7.222
  Slack (ns):                  2.660
  Arrival (ns):                13.994
  Required (ns):               16.654

Path 35
  From:                        u1/u0/next_state[10]:CLK
  To:                          u1/u0/data_out[3]/U1:D
  Delay (ns):                  7.012
  Slack (ns):                  2.663
  Arrival (ns):                13.784
  Required (ns):               16.447

Path 36
  From:                        u1/u0/bit_count[1]:CLK
  To:                          u1/u0/tms:D
  Delay (ns):                  6.897
  Slack (ns):                  2.711
  Arrival (ns):                13.669
  Required (ns):               16.380

Path 37
  From:                        u1/u0/next_state[10]:CLK
  To:                          u1/u0/data_in_reg[5]/U1:D
  Delay (ns):                  6.890
  Slack (ns):                  2.725
  Arrival (ns):                13.662
  Required (ns):               16.387

Path 38
  From:                        u1/u0/next_state[10]:CLK
  To:                          u1/u0/data_in_reg[6]/U1:D
  Delay (ns):                  6.851
  Slack (ns):                  2.764
  Arrival (ns):                13.623
  Required (ns):               16.387

Path 39
  From:                        u1/u0/next_state[8]:CLK
  To:                          u1/u0/data_in_reg[11]/U1:D
  Delay (ns):                  6.864
  Slack (ns):                  2.767
  Arrival (ns):                13.636
  Required (ns):               16.403

Path 40
  From:                        search_result_reg[2]:CLK
  To:                          pc_poll_rx:D
  Delay (ns):                  6.923
  Slack (ns):                  2.770
  Arrival (ns):                13.706
  Required (ns):               16.476

Path 41
  From:                        u1/u0/bit_count[3]:CLK
  To:                          u1/u0/tdi/U1:D
  Delay (ns):                  6.863
  Slack (ns):                  2.826
  Arrival (ns):                13.635
  Required (ns):               16.461

Path 42
  From:                        u1/u0/next_state[10]:CLK
  To:                          u1/u0/data_out[6]/U1:D
  Delay (ns):                  6.840
  Slack (ns):                  2.835
  Arrival (ns):                13.612
  Required (ns):               16.447

Path 43
  From:                        u1/u0/next_state[10]:CLK
  To:                          u1/u0/data_in_reg[0]/U1:D
  Delay (ns):                  6.738
  Slack (ns):                  2.898
  Arrival (ns):                13.510
  Required (ns):               16.408

Path 44
  From:                        u1/u0/bit_count[2]:CLK
  To:                          u1/u0/next_state[11]:D
  Delay (ns):                  6.781
  Slack (ns):                  2.907
  Arrival (ns):                13.553
  Required (ns):               16.460

Path 45
  From:                        u1/u0/next_state[10]:CLK
  To:                          u1/u0/data_in_reg[7]/U1:D
  Delay (ns):                  6.752
  Slack (ns):                  2.914
  Arrival (ns):                13.524
  Required (ns):               16.438

Path 46
  From:                        u1/u0/next_state[10]:CLK
  To:                          u1/u0/bit_count[4]:E
  Delay (ns):                  6.755
  Slack (ns):                  2.936
  Arrival (ns):                13.527
  Required (ns):               16.463

Path 47
  From:                        u1/u0/next_state[10]:CLK
  To:                          u1/u0/data_in_reg[13]/U1:D
  Delay (ns):                  6.629
  Slack (ns):                  2.953
  Arrival (ns):                13.401
  Required (ns):               16.354

Path 48
  From:                        u1/next_state[1]:CLK
  To:                          u1/u0/next_state[4]:D
  Delay (ns):                  6.573
  Slack (ns):                  2.954
  Arrival (ns):                13.426
  Required (ns):               16.380

Path 49
  From:                        search_result_reg[3]:CLK
  To:                          pc_poll_rx:D
  Delay (ns):                  6.754
  Slack (ns):                  2.961
  Arrival (ns):                13.515
  Required (ns):               16.476

Path 50
  From:                        search_result_reg[14]:CLK
  To:                          pc_poll_rx:D
  Delay (ns):                  6.642
  Slack (ns):                  2.966
  Arrival (ns):                13.459
  Required (ns):               16.425

Path 51
  From:                        u1/u0/next_state[10]:CLK
  To:                          u1/u0/data_out[14]/U1:D
  Delay (ns):                  6.727
  Slack (ns):                  2.977
  Arrival (ns):                13.499
  Required (ns):               16.476

Path 52
  From:                        u1/u0/bit_count[0]:CLK
  To:                          u1/u0/tdi/U1:D
  Delay (ns):                  6.748
  Slack (ns):                  2.992
  Arrival (ns):                13.520
  Required (ns):               16.512

Path 53
  From:                        u1/jtag_enable_0:CLK
  To:                          u1/u0/data_in_reg[11]/U1:D
  Delay (ns):                  6.632
  Slack (ns):                  3.017
  Arrival (ns):                13.386
  Required (ns):               16.403

Path 54
  From:                        u1/u0/next_state[10]:CLK
  To:                          u1/u0/data_out[11]/U1:D
  Delay (ns):                  6.656
  Slack (ns):                  3.070
  Arrival (ns):                13.428
  Required (ns):               16.498

Path 55
  From:                        u1/u0/next_state[8]:CLK
  To:                          u1/u0/data_out[0]/U1:D
  Delay (ns):                  6.579
  Slack (ns):                  3.083
  Arrival (ns):                13.351
  Required (ns):               16.434

Path 56
  From:                        next_state[0]:CLK
  To:                          search_result_reg[1]:E
  Delay (ns):                  6.515
  Slack (ns):                  3.098
  Arrival (ns):                13.354
  Required (ns):               16.452

Path 57
  From:                        u1/u0/next_state[7]:CLK
  To:                          u1/u0/tdi/U1:D
  Delay (ns):                  6.527
  Slack (ns):                  3.108
  Arrival (ns):                13.353
  Required (ns):               16.461

Path 58
  From:                        next_state[0]:CLK
  To:                          search_result_reg[3]:E
  Delay (ns):                  6.493
  Slack (ns):                  3.120
  Arrival (ns):                13.332
  Required (ns):               16.452

Path 59
  From:                        search_result_reg[5]:CLK
  To:                          pc_poll_rx:D
  Delay (ns):                  6.495
  Slack (ns):                  3.154
  Arrival (ns):                13.271
  Required (ns):               16.425

Path 60
  From:                        u1/u0/next_state[10]:CLK
  To:                          u1/u0/data_in_reg[14]/U1:D
  Delay (ns):                  6.501
  Slack (ns):                  3.160
  Arrival (ns):                13.273
  Required (ns):               16.433

Path 61
  From:                        next_state[0]:CLK
  To:                          search_result_reg[15]:E
  Delay (ns):                  6.469
  Slack (ns):                  3.166
  Arrival (ns):                13.308
  Required (ns):               16.474

Path 62
  From:                        next_state[0]:CLK
  To:                          search_result_reg[0]:E
  Delay (ns):                  6.418
  Slack (ns):                  3.195
  Arrival (ns):                13.257
  Required (ns):               16.452

Path 63
  From:                        next_state[0]:CLK
  To:                          search_result_reg[5]:E
  Delay (ns):                  6.418
  Slack (ns):                  3.210
  Arrival (ns):                13.257
  Required (ns):               16.467

Path 64
  From:                        u1/u0/bit_count[4]:CLK
  To:                          u1/u0/tdi/U1:D
  Delay (ns):                  6.513
  Slack (ns):                  3.227
  Arrival (ns):                13.285
  Required (ns):               16.512

Path 65
  From:                        u1/u0/next_state[8]:CLK
  To:                          u1/u0/data_in_reg[1]/U1:D
  Delay (ns):                  6.343
  Slack (ns):                  3.242
  Arrival (ns):                13.115
  Required (ns):               16.357

Path 66
  From:                        u1/u0/bit_count[1]:CLK
  To:                          u1/u0/tdi/U1:D
  Delay (ns):                  6.486
  Slack (ns):                  3.254
  Arrival (ns):                13.258
  Required (ns):               16.512

Path 67
  From:                        u1/u0/next_state[8]:CLK
  To:                          u1/u0/data_out[13]/U1:D
  Delay (ns):                  6.350
  Slack (ns):                  3.303
  Arrival (ns):                13.122
  Required (ns):               16.425

Path 68
  From:                        u1/u0/next_state[5]/U1:CLK
  To:                          u1/u0/tms:D
  Delay (ns):                  6.220
  Slack (ns):                  3.307
  Arrival (ns):                13.073
  Required (ns):               16.380

Path 69
  From:                        u1/u0/data_in_reg[15]/U1:CLK
  To:                          u1/u0/tdi/U1:D
  Delay (ns):                  6.410
  Slack (ns):                  3.328
  Arrival (ns):                13.184
  Required (ns):               16.512

Path 70
  From:                        u1/u0/next_state[8]:CLK
  To:                          u1/u0/data_in_reg[10]/U1:D
  Delay (ns):                  6.227
  Slack (ns):                  3.355
  Arrival (ns):                12.999
  Required (ns):               16.354

Path 71
  From:                        next_state[0]:CLK
  To:                          search_result_reg[10]:E
  Delay (ns):                  6.268
  Slack (ns):                  3.367
  Arrival (ns):                13.107
  Required (ns):               16.474

Path 72
  From:                        search_result_reg[0]:CLK
  To:                          pc_poll_rx:D
  Delay (ns):                  6.327
  Slack (ns):                  3.388
  Arrival (ns):                13.088
  Required (ns):               16.476

Path 73
  From:                        u1/u0/next_state[9]:CLK
  To:                          u1/u0/tms:D
  Delay (ns):                  6.238
  Slack (ns):                  3.388
  Arrival (ns):                12.992
  Required (ns):               16.380

Path 74
  From:                        u1/u0/next_state[8]:CLK
  To:                          u1/u0/data_in_reg[15]/U1:D
  Delay (ns):                  6.270
  Slack (ns):                  3.391
  Arrival (ns):                13.042
  Required (ns):               16.433

Path 75
  From:                        u1/jtag_enable_0:CLK
  To:                          u1/u0/data_out[7]/U1:D
  Delay (ns):                  6.357
  Slack (ns):                  3.399
  Arrival (ns):                13.111
  Required (ns):               16.510

Path 76
  From:                        u1/u0/next_state[8]:CLK
  To:                          u1/u0/data_out[12]/U1:D
  Delay (ns):                  6.274
  Slack (ns):                  3.401
  Arrival (ns):                13.046
  Required (ns):               16.447

Path 77
  From:                        u1/u0/next_state[8]:CLK
  To:                          u1/u0/data_in_reg[8]/U1:D
  Delay (ns):                  6.203
  Slack (ns):                  3.412
  Arrival (ns):                12.975
  Required (ns):               16.387

Path 78
  From:                        u1/u0/next_state[8]:CLK
  To:                          u1/u0/data_out[15]/U1:D
  Delay (ns):                  6.231
  Slack (ns):                  3.422
  Arrival (ns):                13.003
  Required (ns):               16.425

Path 79
  From:                        u1/u0/next_state[8]:CLK
  To:                          u1/u0/data_out[2]/U1:D
  Delay (ns):                  6.263
  Slack (ns):                  3.426
  Arrival (ns):                13.035
  Required (ns):               16.461

Path 80
  From:                        u1/u0/next_state[8]:CLK
  To:                          u1/u0/data_out[9]/U1:D
  Delay (ns):                  6.249
  Slack (ns):                  3.438
  Arrival (ns):                13.021
  Required (ns):               16.459

Path 81
  From:                        u1/u0/bit_count[0]:CLK
  To:                          u1/u0/next_state[11]:D
  Delay (ns):                  6.244
  Slack (ns):                  3.444
  Arrival (ns):                13.016
  Required (ns):               16.460

Path 82
  From:                        next_state[0]:CLK
  To:                          search_result_reg[14]:E
  Delay (ns):                  6.206
  Slack (ns):                  3.463
  Arrival (ns):                13.045
  Required (ns):               16.508

Path 83
  From:                        u1/u0/next_state[8]:CLK
  To:                          u1/u0/data_out[4]/U1:D
  Delay (ns):                  6.192
  Slack (ns):                  3.470
  Arrival (ns):                12.964
  Required (ns):               16.434

Path 84
  From:                        search_result_reg[11]:CLK
  To:                          pc_poll_rx:D
  Delay (ns):                  6.178
  Slack (ns):                  3.481
  Arrival (ns):                12.995
  Required (ns):               16.476

Path 85
  From:                        u1/u0/next_state[8]:CLK
  To:                          u1/u0/data_out[3]/U1:D
  Delay (ns):                  6.189
  Slack (ns):                  3.486
  Arrival (ns):                12.961
  Required (ns):               16.447

Path 86
  From:                        u1/jtag_enable_0:CLK
  To:                          u1/u0/data_in_reg[1]/U1:D
  Delay (ns):                  6.111
  Slack (ns):                  3.492
  Arrival (ns):                12.865
  Required (ns):               16.357

Path 87
  From:                        u1/u0/next_state[8]:CLK
  To:                          u1/u0/bit_count[3]:E
  Delay (ns):                  6.187
  Slack (ns):                  3.504
  Arrival (ns):                12.959
  Required (ns):               16.463

Path 88
  From:                        search_result_reg[12]:CLK
  To:                          pc_poll_rx:D
  Delay (ns):                  6.187
  Slack (ns):                  3.506
  Arrival (ns):                12.970
  Required (ns):               16.476

Path 89
  From:                        u1/u0/next_state[8]:CLK
  To:                          u1/u0/data_in_reg[5]/U1:D
  Delay (ns):                  6.067
  Slack (ns):                  3.548
  Arrival (ns):                12.839
  Required (ns):               16.387

Path 90
  From:                        u1/u0/next_state[8]:CLK
  To:                          u1/u0/data_in_reg[6]/U1:D
  Delay (ns):                  6.028
  Slack (ns):                  3.587
  Arrival (ns):                12.800
  Required (ns):               16.387

Path 91
  From:                        u1/u0/next_state[10]:CLK
  To:                          u1/u0/bit_count[1]:E
  Delay (ns):                  6.097
  Slack (ns):                  3.594
  Arrival (ns):                12.869
  Required (ns):               16.463

Path 92
  From:                        u1/u0/next_state[10]:CLK
  To:                          u1/u0/bit_count[0]:E
  Delay (ns):                  6.097
  Slack (ns):                  3.594
  Arrival (ns):                12.869
  Required (ns):               16.463

Path 93
  From:                        u1/u0/next_state[10]:CLK
  To:                          u1/u0/bit_count[2]:E
  Delay (ns):                  6.097
  Slack (ns):                  3.594
  Arrival (ns):                12.869
  Required (ns):               16.463

Path 94
  From:                        next_state[0]:CLK
  To:                          search_result_reg[6]:E
  Delay (ns):                  6.016
  Slack (ns):                  3.597
  Arrival (ns):                12.855
  Required (ns):               16.452

Path 95
  From:                        u1/jtag_enable_0:CLK
  To:                          u1/u0/data_in_reg[10]/U1:D
  Delay (ns):                  5.995
  Slack (ns):                  3.605
  Arrival (ns):                12.749
  Required (ns):               16.354

Path 96
  From:                        next_state[1]:CLK
  To:                          search_result_reg[13]:E
  Delay (ns):                  6.013
  Slack (ns):                  3.622
  Arrival (ns):                12.852
  Required (ns):               16.474

Path 97
  From:                        next_state[1]:CLK
  To:                          search_result_reg[2]:E
  Delay (ns):                  6.013
  Slack (ns):                  3.622
  Arrival (ns):                12.852
  Required (ns):               16.474

Path 98
  From:                        next_state[1]:CLK
  To:                          search_result_reg[9]:E
  Delay (ns):                  6.013
  Slack (ns):                  3.622
  Arrival (ns):                12.852
  Required (ns):               16.474

Path 99
  From:                        next_state[1]:CLK
  To:                          search_result_reg[8]:E
  Delay (ns):                  6.013
  Slack (ns):                  3.622
  Arrival (ns):                12.852
  Required (ns):               16.474

Path 100
  From:                        u1/u0/bit_count[2]:CLK
  To:                          u1/u0/next_state[9]:D
  Delay (ns):                  5.956
  Slack (ns):                  3.634
  Arrival (ns):                12.728
  Required (ns):               16.362

