 ** Message System Log
 ** Database: 
 ** Date:   Sun Nov 14 22:55:07 2010


****************
Macro Parameters
****************

Name                            : output_buffer_mem
Family                          : IGLOO
Output Format                   : VERILOG
Type                            : SOFTFIFO
Write Enable                    : Active High
Read Clock                      : Rising
Write Clock                     : Rising
Reset                           : Active High
Read Enable                     : Active High
Write Depth                     : 16
Write Width                     : 16
Read Depth                      : 16
Read Width                      : 16
Almost Full                     : 65536
Almost Empty                    : 65536
Clocks                          : Independent Read and Write Clocks
AEFlag                          : None
AFFlag                          : None
Read Pipe Mode1                 : No Pipe
Optimized for                   : Power
Prevent Read When Empty         : Yes
Prevent Write When Full         : Yes
Write Acknowledge               : No
Data Valid                      : No
Overflow                        : No
Underflow                       : No
Read Data Count                 : No
Write Data Count                : No
Standalone Controller           : False
Initialize RAM                  : False
Portname DataIn                 : DATA
Portname DataOut                : Q
Portname AE Port                : AEVAL
Portname AF Port                : AFVAL
Portname Write En               : WE
Portname Read En                : RE
Portname WClock                 : WCLOCK
Portname RClock                 : RCLOCK
Portname AE Flag                : AEMPTY
Portname AF Flag                : AFULL
Portname Full Flag              : FULL
Portname Empty Flag             : EMPTY
Portname Reset                  : RESET
Portname Write Acknowledge      : WACK
Portname Data Valid             : DVLD
Portname Overflow               : OVERFLOW
Portname Underflow              : UNDERFLOW
Portname Read Count             : RDCNT
Portname Write Count            : WRCNT
Portname Memory Write Address   :
Portname Memory Read Address    :
Portname Memory Write Enable    :
Portname Memory Read Enable     :
Portname Clock                  :

Cascade Configuration:
     Write Port configuration   : 256x18
     Read Port configuration    : 256x18
     Number of blocks depth wise: 1
     Number of blocks width wise: 1

**************
Compile Report
**************

Warning:  CMP503: Remapped 16 enable flip-flop(s) to a 2-tile implementation
          because the CLR/PRE pin on the enable flip-flop is not being driven
          by a global net.

Netlist Resource Report
=======================

    CORE                       Used:    146  Total:   3072   (4.75%)
    IO (W/ clocks)             Used:      0  Total:     71   (0.00%)
    GLOBAL (Chip+Quadrant)     Used:      0  Total:     18   (0.00%)
    PLL                        Used:      0  Total:      1   (0.00%)
    RAM/FIFO                   Used:      1  Total:      8   (12.50%)
    Low Static ICC             Used:      0  Total:      1   (0.00%)
    FlashROM                   Used:      0  Total:      1   (0.00%)
    User JTAG                  Used:      0  Total:      1   (0.00%)

Wrote Verilog netlist to C:/Documents and Settings/Administrator/My
Documents/actel/TDB_FPGA/smartgen\output_buffer_mem\output_buffer_mem.v.

 ** Log Ended:   Sun Nov 14 22:55:07 2010

